ParseStarterProject/build/intermediates/manifest_merge_blame_file/debug/manifest-merger-blame-debug-report.txt
1<?xml version="1.0" encoding="utf-8"?>
2<manifest xmlns:android="http://schemas.android.com/apk/res/android"
3    package="com.parse.starter"
4    android:versionCode="1"
5    android:versionName="1.0" >
6
7    <uses-sdk
8        android:minSdkVersion="14"
8-->src\main\AndroidManifest.xml
9        android:targetSdkVersion="23" />
9-->src\main\AndroidManifest.xml
10
11    <!--
12         The ACCESS_COARSE/FINE_LOCATION permissions are not required to use
13         Google Maps Android API v2, but you must specify either coarse or fine
14         location permissions for the 'MyLocation' functionality.
15    -->
16    <uses-permission android:name="android.permission.ACCESS_FINE_LOCATION" />
16-->src\main\AndroidManifest.xml:10:5-79
16-->src\main\AndroidManifest.xml:10:22-76
17    <uses-permission android:name="android.permission.INTERNET" />
17-->src\main\AndroidManifest.xml:11:5-67
17-->src\main\AndroidManifest.xml:11:22-64
18    <uses-permission android:name="android.permission.ACCESS_NETWORK_STATE" />
18-->src\main\AndroidManifest.xml:12:5-79
18-->src\main\AndroidManifest.xml:12:22-76
19    <uses-permission android:name="android.permission.READ_EXTERNAL_STORAGE" />
19-->src\main\AndroidManifest.xml:13:5-80
19-->src\main\AndroidManifest.xml:13:22-77
20
21    <uses-feature
21-->[com.google.android.gms:play-services-maps:17.0.0] AndroidManifest.xml:26:5-28:35
22        android:glEsVersion="0x00020000"
22-->[com.google.android.gms:play-services-maps:17.0.0] AndroidManifest.xml:27:9-41
23        android:required="true" /> <!-- Optional permission for Analytics to run. -->
23-->[com.google.android.gms:play-services-maps:17.0.0] AndroidManifest.xml:28:9-32
24    <uses-permission android:name="android.permission.WAKE_LOCK" /> <!-- Required by older versions of Google Play services to create GCM registration tokens -->
24-->[com.google.android.gms:play-services-analytics:12.0.1] AndroidManifest.xml:27:5-68
24-->[com.google.android.gms:play-services-analytics:12.0.1] AndroidManifest.xml:27:22-65
25    <uses-permission android:name="com.google.android.c2dm.permission.RECEIVE" />
25-->[com.google.android.gms:play-services-gcm:12.0.1] AndroidManifest.xml:23:5-82
25-->[com.google.android.gms:play-services-gcm:12.0.1] AndroidManifest.xml:23:22-79
26
27    <permission
27-->[com.google.firebase:firebase-iid:12.0.1] AndroidManifest.xml:28:5-30:47
28        android:name="com.parse.starter.permission.C2D_MESSAGE"
28-->[com.google.firebase:firebase-iid:12.0.1] AndroidManifest.xml:29:9-63
29        android:protectionLevel="signature" />
29-->[com.google.firebase:firebase-iid:12.0.1] AndroidManifest.xml:30:9-44
30
31    <uses-permission android:name="com.parse.starter.permission.C2D_MESSAGE" />
31-->[com.google.firebase:firebase-iid:12.0.1] AndroidManifest.xml:32:5-79
31-->[com.google.firebase:firebase-iid:12.0.1] AndroidManifest.xml:32:22-76
32
33    <application
33-->src\main\AndroidManifest.xml:15:5-50:19
34        android:name="com.parse.starter.StarterApplication"
34-->src\main\AndroidManifest.xml:16:9-43
35        android:allowBackup="true"
35-->src\main\AndroidManifest.xml:17:9-35
36        android:appComponentFactory="androidx.core.app.CoreComponentFactory"
36-->[androidx.core:core:1.0.0] AndroidManifest.xml:22:18-86
37        android:debuggable="true"
38        android:icon="@mipmap/ic_launcher"
38-->src\main\AndroidManifest.xml:18:9-43
39        android:label="@string/app_name"
39-->src\main\AndroidManifest.xml:19:9-41
40        android:testOnly="true"
41        android:theme="@style/AppTheme" >
41-->src\main\AndroidManifest.xml:20:9-40
42
43        <!--
44             The API key for Google Maps-based APIs is defined as a string resource.
45             (See the file "res/values/google_maps_api.xml").
46             Note that the API key is linked to the encryption key used to sign the APK.
47             You need a different API key for each encryption key, including the release key that is used to
48             sign the APK for publishing.
49             You can define the keys for the debug and release targets in src/debug/ and src/release/.
50        -->
51        <meta-data
51-->src\main\AndroidManifest.xml:30:9-32:55
52            android:name="com.google.android.geo.API_KEY"
52-->src\main\AndroidManifest.xml:31:13-58
53            android:value="@string/google_maps_key" />
53-->src\main\AndroidManifest.xml:32:13-52
54
55        <activity
55-->src\main\AndroidManifest.xml:34:9-36:79
56            android:name="com.parse.starter.DriverLocationActivity"
56-->src\main\AndroidManifest.xml:35:13-51
57            android:label="@string/title_activity_driver_location" />
57-->src\main\AndroidManifest.xml:36:13-67
58        <activity android:name="com.parse.starter.ViewRequestsActivity" />
58-->src\main\AndroidManifest.xml:37:9-58
58-->src\main\AndroidManifest.xml:37:19-55
59        <activity
59-->src\main\AndroidManifest.xml:38:9-40:60
60            android:name="com.parse.starter.RiderActivity"
60-->src\main\AndroidManifest.xml:39:13-42
61            android:label="@string/title_activity_rider" />
61-->src\main\AndroidManifest.xml:40:13-57
62        <activity
62-->src\main\AndroidManifest.xml:41:9-49:20
63            android:name="com.parse.starter.MainActivity"
63-->src\main\AndroidManifest.xml:42:13-41
64            android:label="@string/app_name" >
64-->src\main\AndroidManifest.xml:43:13-45
65            <intent-filter>
65-->src\main\AndroidManifest.xml:44:13-48:29
66                <action android:name="android.intent.action.MAIN" />
66-->src\main\AndroidManifest.xml:45:17-69
66-->src\main\AndroidManifest.xml:45:25-66
67
68                <category android:name="android.intent.category.LAUNCHER" />
68-->src\main\AndroidManifest.xml:47:17-77
68-->src\main\AndroidManifest.xml:47:27-74
69            </intent-filter>
70        </activity>
71
72        <receiver android:name="com.google.android.gms.cast.framework.media.MediaIntentReceiver" />
72-->[com.google.android.gms:play-services-cast-framework:12.0.1] AndroidManifest.xml:8:9-100
72-->[com.google.android.gms:play-services-cast-framework:12.0.1] AndroidManifest.xml:8:19-97
73
74        <service android:name="com.google.android.gms.cast.framework.media.MediaNotificationService" />
74-->[com.google.android.gms:play-services-cast-framework:12.0.1] AndroidManifest.xml:10:9-104
74-->[com.google.android.gms:play-services-cast-framework:12.0.1] AndroidManifest.xml:10:18-101
75        <service android:name="com.google.android.gms.cast.framework.ReconnectionService" /> <!-- Needs to be explicitly declared on P+ -->
75-->[com.google.android.gms:play-services-cast-framework:12.0.1] AndroidManifest.xml:11:9-93
75-->[com.google.android.gms:play-services-cast-framework:12.0.1] AndroidManifest.xml:11:18-90
76        <uses-library
76-->[com.google.android.gms:play-services-maps:17.0.0] AndroidManifest.xml:33:9-35:40
77            android:name="org.apache.http.legacy"
77-->[com.google.android.gms:play-services-maps:17.0.0] AndroidManifest.xml:34:13-50
78            android:required="false" />
78-->[com.google.android.gms:play-services-maps:17.0.0] AndroidManifest.xml:35:13-37
79
80        <receiver
80-->[com.google.android.gms:play-services-analytics:12.0.1] AndroidManifest.xml:30:9-34:20
81            android:name="com.google.android.gms.analytics.AnalyticsReceiver"
81-->[com.google.android.gms:play-services-analytics:12.0.1] AndroidManifest.xml:31:13-78
82            android:enabled="true"
82-->[com.google.android.gms:play-services-analytics:12.0.1] AndroidManifest.xml:32:13-35
83            android:exported="false" >
83-->[com.google.android.gms:play-services-analytics:12.0.1] AndroidManifest.xml:33:13-37
84        </receiver>
85
86        <service
86-->[com.google.android.gms:play-services-analytics:12.0.1] AndroidManifest.xml:36:9-39:40
87            android:name="com.google.android.gms.analytics.AnalyticsService"
87-->[com.google.android.gms:play-services-analytics:12.0.1] AndroidManifest.xml:37:13-77
88            android:enabled="true"
88-->[com.google.android.gms:play-services-analytics:12.0.1] AndroidManifest.xml:38:13-35
89            android:exported="false" />
89-->[com.google.android.gms:play-services-analytics:12.0.1] AndroidManifest.xml:39:13-37
90        <service
90-->[com.google.android.gms:play-services-analytics:12.0.1] AndroidManifest.xml:40:9-44:72
91            android:name="com.google.android.gms.analytics.AnalyticsJobService"
91-->[com.google.android.gms:play-services-analytics:12.0.1] AndroidManifest.xml:41:13-80
92            android:enabled="true"
92-->[com.google.android.gms:play-services-analytics:12.0.1] AndroidManifest.xml:42:13-35
93            android:exported="false"
93-->[com.google.android.gms:play-services-analytics:12.0.1] AndroidManifest.xml:43:13-37
94            android:permission="android.permission.BIND_JOB_SERVICE" />
94-->[com.google.android.gms:play-services-analytics:12.0.1] AndroidManifest.xml:44:13-69
95
96        <activity
96-->[com.google.android.gms:play-services-appinvite:12.0.1] AndroidManifest.xml:25:9-34:20
97            android:name="com.google.android.gms.appinvite.PreviewActivity"
97-->[com.google.android.gms:play-services-appinvite:12.0.1] AndroidManifest.xml:26:13-76
98            android:exported="true"
98-->[com.google.android.gms:play-services-appinvite:12.0.1] AndroidManifest.xml:27:13-36
99            android:theme="@style/Theme.AppInvite.Preview" >
99-->[com.google.android.gms:play-services-appinvite:12.0.1] AndroidManifest.xml:28:13-59
100            <intent-filter>
100-->[com.google.android.gms:play-services-appinvite:12.0.1] AndroidManifest.xml:29:13-33:29
101                <action android:name="com.google.android.gms.appinvite.ACTION_PREVIEW" />
101-->[com.google.android.gms:play-services-appinvite:12.0.1] AndroidManifest.xml:30:17-90
101-->[com.google.android.gms:play-services-appinvite:12.0.1] AndroidManifest.xml:30:25-87
102
103                <category android:name="android.intent.category.DEFAULT" />
103-->[com.google.android.gms:play-services-appinvite:12.0.1] AndroidManifest.xml:32:17-76
103-->[com.google.android.gms:play-services-appinvite:12.0.1] AndroidManifest.xml:32:27-73
104            </intent-filter>
105        </activity>
106        <activity
106-->[com.google.android.gms:play-services-auth:12.0.1] AndroidManifest.xml:23:9-27:75
107            android:name="com.google.android.gms.auth.api.signin.internal.SignInHubActivity"
107-->[com.google.android.gms:play-services-auth:12.0.1] AndroidManifest.xml:24:13-93
108            android:excludeFromRecents="true"
108-->[com.google.android.gms:play-services-auth:12.0.1] AndroidManifest.xml:25:13-46
109            android:exported="false"
109-->[com.google.android.gms:play-services-auth:12.0.1] AndroidManifest.xml:26:13-37
110            android:theme="@android:style/Theme.Translucent.NoTitleBar" />
110-->[com.google.android.gms:play-services-auth:12.0.1] AndroidManifest.xml:27:13-72
111        <!--
112            Service handling Google Sign-In user revocation. For apps that do not integrate with
113            Google Sign-In, this service will never be started.
114        -->
115        <service
115-->[com.google.android.gms:play-services-auth:12.0.1] AndroidManifest.xml:33:9-36:110
116            android:name="com.google.android.gms.auth.api.signin.RevocationBoundService"
116-->[com.google.android.gms:play-services-auth:12.0.1] AndroidManifest.xml:34:13-89
117            android:exported="true"
117-->[com.google.android.gms:play-services-auth:12.0.1] AndroidManifest.xml:35:13-36
118            android:permission="com.google.android.gms.auth.api.signin.permission.REVOCATION_NOTIFICATION" />
118-->[com.google.android.gms:play-services-auth:12.0.1] AndroidManifest.xml:36:13-107
119
120        <activity
120-->[com.google.firebase:firebase-auth:12.0.1] AndroidManifest.xml:23:9-29:75
121            android:name="com.google.firebase.auth.internal.FederatedSignInActivity"
121-->[com.google.firebase:firebase-auth:12.0.1] AndroidManifest.xml:24:13-85
122            android:excludeFromRecents="true"
122-->[com.google.firebase:firebase-auth:12.0.1] AndroidManifest.xml:25:13-46
123            android:exported="true"
123-->[com.google.firebase:firebase-auth:12.0.1] AndroidManifest.xml:26:13-36
124            android:launchMode="singleInstance"
124-->[com.google.firebase:firebase-auth:12.0.1] AndroidManifest.xml:27:13-48
125            android:permission="com.google.firebase.auth.api.gms.permission.LAUNCH_FEDERATED_SIGN_IN"
125-->[com.google.firebase:firebase-auth:12.0.1] AndroidManifest.xml:28:13-102
126            android:theme="@android:style/Theme.Translucent.NoTitleBar" />
126-->[com.google.firebase:firebase-auth:12.0.1] AndroidManifest.xml:29:13-72
127        <activity
127-->[com.google.android.gms:play-services-base:17.0.0] AndroidManifest.xml:23:9-26:75
128            android:name="com.google.android.gms.common.api.GoogleApiActivity"
128-->[com.google.android.gms:play-services-base:17.0.0] AndroidManifest.xml:24:13-79
129            android:exported="false"
129-->[com.google.android.gms:play-services-base:17.0.0] AndroidManifest.xml:25:13-37
130            android:theme="@android:style/Theme.Translucent.NoTitleBar" /> <!-- Include the AdActivity and InAppPurchaseActivity configChanges and themes. -->
130-->[com.google.android.gms:play-services-base:17.0.0] AndroidManifest.xml:26:13-72
131        <activity
131-->[com.google.android.gms:play-services-ads-lite:12.0.1] AndroidManifest.xml:29:9-33:64
132            android:name="com.google.android.gms.ads.AdActivity"
132-->[com.google.android.gms:play-services-ads-lite:12.0.1] AndroidManifest.xml:30:13-65
133            android:configChanges="keyboard|keyboardHidden|orientation|screenLayout|uiMode|screenSize|smallestScreenSize"
133-->[com.google.android.gms:play-services-ads-lite:12.0.1] AndroidManifest.xml:31:13-122
134            android:exported="false"
134-->[com.google.android.gms:play-services-ads-lite:12.0.1] AndroidManifest.xml:32:13-37
135            android:theme="@android:style/Theme.Translucent" />
135-->[com.google.android.gms:play-services-ads-lite:12.0.1] AndroidManifest.xml:33:13-61
136        <!--
137             FirebaseMessagingService performs security checks at runtime,
138             no need for explicit permissions despite exported="true"
139        -->
140        <service
140-->[com.google.firebase:firebase-messaging:12.0.1] AndroidManifest.xml:28:9-34:19
141            android:name="com.google.firebase.messaging.FirebaseMessagingService"
141-->[com.google.firebase:firebase-messaging:12.0.1] AndroidManifest.xml:29:13-82
142            android:exported="true" >
142-->[com.google.firebase:firebase-messaging:12.0.1] AndroidManifest.xml:30:13-36
143            <intent-filter android:priority="-500" >
143-->[com.google.firebase:firebase-messaging:12.0.1] AndroidManifest.xml:31:13-33:29
143-->[com.google.firebase:firebase-messaging:12.0.1] AndroidManifest.xml:31:28-51
144                <action android:name="com.google.firebase.MESSAGING_EVENT" />
144-->[com.google.firebase:firebase-messaging:12.0.1] AndroidManifest.xml:32:17-78
144-->[com.google.firebase:firebase-messaging:12.0.1] AndroidManifest.xml:32:25-75
145            </intent-filter>
146        </service>
147        <service
147-->[com.google.android.gms:play-services-tagmanager-api:12.0.1] AndroidManifest.xml:27:9-30:40
148            android:name="com.google.android.gms.tagmanager.TagManagerService"
148-->[com.google.android.gms:play-services-tagmanager-api:12.0.1] AndroidManifest.xml:28:13-79
149            android:enabled="true"
149-->[com.google.android.gms:play-services-tagmanager-api:12.0.1] AndroidManifest.xml:29:13-35
150            android:exported="false" />
150-->[com.google.android.gms:play-services-tagmanager-api:12.0.1] AndroidManifest.xml:30:13-37
151
152        <activity
152-->[com.google.android.gms:play-services-tagmanager-api:12.0.1] AndroidManifest.xml:32:9-44:20
153            android:name="com.google.android.gms.tagmanager.TagManagerPreviewActivity"
153-->[com.google.android.gms:play-services-tagmanager-api:12.0.1] AndroidManifest.xml:33:13-87
154            android:exported="true"
154-->[com.google.android.gms:play-services-tagmanager-api:12.0.1] AndroidManifest.xml:34:13-36
155            android:noHistory="true" > <!-- optional, removes the previewActivity from the activity stack. -->
155-->[com.google.android.gms:play-services-tagmanager-api:12.0.1] AndroidManifest.xml:35:13-37
156            <intent-filter>
156-->[com.google.android.gms:play-services-tagmanager-api:12.0.1] AndroidManifest.xml:36:13-43:29
157                <data android:scheme="tagmanager.c.com.parse.starter" />
157-->[com.google.android.gms:play-services-tagmanager-api:12.0.1] AndroidManifest.xml:37:17-72
157-->[com.google.android.gms:play-services-tagmanager-api:12.0.1] AndroidManifest.xml:37:23-69
158
159                <action android:name="android.intent.action.VIEW" />
159-->[com.google.android.gms:play-services-tagmanager-api:12.0.1] AndroidManifest.xml:39:17-69
159-->[com.google.android.gms:play-services-tagmanager-api:12.0.1] AndroidManifest.xml:39:25-66
160
161                <category android:name="android.intent.category.DEFAULT" />
161-->[com.google.android.gms:play-services-appinvite:12.0.1] AndroidManifest.xml:32:17-76
161-->[com.google.android.gms:play-services-appinvite:12.0.1] AndroidManifest.xml:32:27-73
162                <category android:name="android.intent.category.BROWSABLE" />
162-->[com.google.android.gms:play-services-tagmanager-api:12.0.1] AndroidManifest.xml:42:17-78
162-->[com.google.android.gms:play-services-tagmanager-api:12.0.1] AndroidManifest.xml:42:27-75
163            </intent-filter>
164        </activity>
165
166        <receiver
166-->[com.google.firebase:firebase-analytics:12.0.1] AndroidManifest.xml:28:9-32:20
167            android:name="com.google.android.gms.measurement.AppMeasurementReceiver"
167-->[com.google.firebase:firebase-analytics:12.0.1] AndroidManifest.xml:29:13-85
168            android:enabled="true"
168-->[com.google.firebase:firebase-analytics:12.0.1] AndroidManifest.xml:30:13-35
169            android:exported="false" >
169-->[com.google.firebase:firebase-analytics:12.0.1] AndroidManifest.xml:31:13-37
170        </receiver>
171        <receiver
171-->[com.google.firebase:firebase-analytics:12.0.1] AndroidManifest.xml:33:9-41:20
172            android:name="com.google.android.gms.measurement.AppMeasurementInstallReferrerReceiver"
172-->[com.google.firebase:firebase-analytics:12.0.1] AndroidManifest.xml:34:13-100
173            android:enabled="true"
173-->[com.google.firebase:firebase-analytics:12.0.1] AndroidManifest.xml:35:13-35
174            android:exported="true"
174-->[com.google.firebase:firebase-analytics:12.0.1] AndroidManifest.xml:36:13-36
175            android:permission="android.permission.INSTALL_PACKAGES" >
175-->[com.google.firebase:firebase-analytics:12.0.1] AndroidManifest.xml:37:13-69
176            <intent-filter>
176-->[com.google.firebase:firebase-analytics:12.0.1] AndroidManifest.xml:38:13-40:29
177                <action android:name="com.android.vending.INSTALL_REFERRER" />
177-->[com.google.firebase:firebase-analytics:12.0.1] AndroidManifest.xml:39:17-79
177-->[com.google.firebase:firebase-analytics:12.0.1] AndroidManifest.xml:39:25-76
178            </intent-filter>
179        </receiver>
180
181        <service
181-->[com.google.firebase:firebase-analytics:12.0.1] AndroidManifest.xml:43:9-46:40
182            android:name="com.google.android.gms.measurement.AppMeasurementService"
182-->[com.google.firebase:firebase-analytics:12.0.1] AndroidManifest.xml:44:13-84
183            android:enabled="true"
183-->[com.google.firebase:firebase-analytics:12.0.1] AndroidManifest.xml:45:13-35
184            android:exported="false" />
184-->[com.google.firebase:firebase-analytics:12.0.1] AndroidManifest.xml:46:13-37
185        <service
185-->[com.google.firebase:firebase-analytics:12.0.1] AndroidManifest.xml:47:9-51:72
186            android:name="com.google.android.gms.measurement.AppMeasurementJobService"
186-->[com.google.firebase:firebase-analytics:12.0.1] AndroidManifest.xml:48:13-87
187            android:enabled="true"
187-->[com.google.firebase:firebase-analytics:12.0.1] AndroidManifest.xml:49:13-35
188            android:exported="false"
188-->[com.google.firebase:firebase-analytics:12.0.1] AndroidManifest.xml:50:13-37
189            android:permission="android.permission.BIND_JOB_SERVICE" />
189-->[com.google.firebase:firebase-analytics:12.0.1] AndroidManifest.xml:51:13-69
190
191        <receiver
191-->[com.google.firebase:firebase-iid:12.0.1] AndroidManifest.xml:35:9-44:20
192            android:name="com.google.firebase.iid.FirebaseInstanceIdReceiver"
192-->[com.google.firebase:firebase-iid:12.0.1] AndroidManifest.xml:36:13-78
193            android:exported="true"
193-->[com.google.firebase:firebase-iid:12.0.1] AndroidManifest.xml:37:13-36
194            android:permission="com.google.android.c2dm.permission.SEND" >
194-->[com.google.firebase:firebase-iid:12.0.1] AndroidManifest.xml:38:13-73
195            <intent-filter>
195-->[com.google.firebase:firebase-iid:12.0.1] AndroidManifest.xml:39:13-43:29
196                <action android:name="com.google.android.c2dm.intent.RECEIVE" />
196-->[com.google.firebase:firebase-iid:12.0.1] AndroidManifest.xml:40:17-81
196-->[com.google.firebase:firebase-iid:12.0.1] AndroidManifest.xml:40:25-78
197
198                <category android:name="com.parse.starter" />
198-->[com.google.firebase:firebase-iid:12.0.1] AndroidManifest.xml:42:17-61
198-->[com.google.firebase:firebase-iid:12.0.1] AndroidManifest.xml:42:27-58
199            </intent-filter>
200        </receiver>
201        <!--
202             FirebaseInstanceIdService performs security checks at runtime,
203             no need for explicit permissions despite exported="true"
204        -->
205        <service
205-->[com.google.firebase:firebase-iid:12.0.1] AndroidManifest.xml:50:9-56:19
206            android:name="com.google.firebase.iid.FirebaseInstanceIdService"
206-->[com.google.firebase:firebase-iid:12.0.1] AndroidManifest.xml:51:13-77
207            android:exported="true" >
207-->[com.google.firebase:firebase-iid:12.0.1] AndroidManifest.xml:52:13-36
208            <intent-filter android:priority="-500" >
208-->[com.google.firebase:firebase-iid:12.0.1] AndroidManifest.xml:53:13-55:29
208-->[com.google.firebase:firebase-iid:12.0.1] AndroidManifest.xml:53:28-51
209                <action android:name="com.google.firebase.INSTANCE_ID_EVENT" />
209-->[com.google.firebase:firebase-iid:12.0.1] AndroidManifest.xml:54:17-80
209-->[com.google.firebase:firebase-iid:12.0.1] AndroidManifest.xml:54:25-77
210            </intent-filter>
211        </service>
212
213        <provider
213-->[com.google.firebase:firebase-common:12.0.1] AndroidManifest.xml:8:9-12:39
214            android:name="com.google.firebase.provider.FirebaseInitProvider"
214-->[com.google.firebase:firebase-common:12.0.1] AndroidManifest.xml:9:13-77
215            android:authorities="com.parse.starter.firebaseinitprovider"
215-->[com.google.firebase:firebase-common:12.0.1] AndroidManifest.xml:10:13-72
216            android:exported="false"
216-->[com.google.firebase:firebase-common:12.0.1] AndroidManifest.xml:11:13-37
217            android:initOrder="100" />
217-->[com.google.firebase:firebase-common:12.0.1] AndroidManifest.xml:12:13-36
218
219        <meta-data
219-->[com.google.android.gms:play-services-basement:17.0.0] AndroidManifest.xml:23:9-25:69
220            android:name="com.google.android.gms.version"
220-->[com.google.android.gms:play-services-basement:17.0.0] AndroidManifest.xml:24:13-58
221            android:value="@integer/google_play_services_version" />
221-->[com.google.android.gms:play-services-basement:17.0.0] AndroidManifest.xml:25:13-66
222    </application>
223
224</manifest>